{"C:\\Users\\ADMIN\\source\\repos\\web-app-1105\\dotnet\\html\\script.js": {"path":"C:\\Users\\ADMIN\\source\\repos\\web-app-1105\\dotnet\\html\\script.js","statementMap":{"0":{"start":{"line":2,"column":13},"end":{"line":2,"column":60}},"1":{"start":{"line":3,"column":17},"end":{"line":3,"column":44}},"2":{"start":{"line":4,"column":0},"end":{"line":4,"column":23}},"3":{"start":{"line":5,"column":0},"end":{"line":5,"column":36}},"4":{"start":{"line":6,"column":0},"end":{"line":6,"column":27}},"5":{"start":{"line":8,"column":15},"end":{"line":8,"column":43}},"6":{"start":{"line":9,"column":0},"end":{"line":9,"column":28}},"7":{"start":{"line":10,"column":0},"end":{"line":10,"column":25}},"8":{"start":{"line":12,"column":2},"end":{"line":12,"column":38}},"9":{"start":{"line":13,"column":2},"end":{"line":13,"column":24}},"10":{"start":{"line":15,"column":2},"end":{"line":35,"column":3}},"11":{"start":{"line":16,"column":16},"end":{"line":16,"column":45}},"12":{"start":{"line":18,"column":4},"end":{"line":18,"column":50}},"13":{"start":{"line":18,"column":17},"end":{"line":18,"column":50}},"14":{"start":{"line":20,"column":17},"end":{"line":20,"column":33}},"15":{"start":{"line":22,"column":4},"end":{"line":25,"column":5}},"16":{"start":{"line":23,"column":6},"end":{"line":23,"column":51}},"17":{"start":{"line":24,"column":6},"end":{"line":24,"column":13}},"18":{"start":{"line":27,"column":4},"end":{"line":27,"column":30}},"19":{"start":{"line":28,"column":4},"end":{"line":32,"column":7}},"20":{"start":{"line":29,"column":17},"end":{"line":29,"column":45}},"21":{"start":{"line":30,"column":6},"end":{"line":30,"column":34}},"22":{"start":{"line":31,"column":6},"end":{"line":31,"column":29}},"23":{"start":{"line":34,"column":4},"end":{"line":34,"column":51}},"24":{"start":{"line":38,"column":0},"end":{"line":38,"column":59}},"25":{"start":{"line":40,"column":0},"end":{"line":42,"column":2}}},"fnMap":{"0":{"name":"loadQuestions","decl":{"start":{"line":1,"column":15},"end":{"line":1,"column":28}},"loc":{"start":{"line":1,"column":31},"end":{"line":36,"column":1}},"line":1},"1":{"name":"(anonymous_1)","decl":{"start":{"line":28,"column":17},"end":{"line":28,"column":18}},"loc":{"start":{"line":28,"column":24},"end":{"line":32,"column":5}},"line":28}},"branchMap":{"0":{"loc":{"start":{"line":2,"column":13},"end":{"line":2,"column":60}},"type":"binary-expr","locations":[{"start":{"line":2,"column":13},"end":{"line":2,"column":43}},{"start":{"line":2,"column":47},"end":{"line":2,"column":60}}],"line":2},"1":{"loc":{"start":{"line":18,"column":4},"end":{"line":18,"column":50}},"type":"if","locations":[{"start":{"line":18,"column":4},"end":{"line":18,"column":50}},{"start":{},"end":{}}],"line":18},"2":{"loc":{"start":{"line":22,"column":4},"end":{"line":25,"column":5}},"type":"if","locations":[{"start":{"line":22,"column":4},"end":{"line":25,"column":5}},{"start":{},"end":{}}],"line":22},"3":{"loc":{"start":{"line":22,"column":8},"end":{"line":22,"column":34}},"type":"binary-expr","locations":[{"start":{"line":22,"column":8},"end":{"line":22,"column":13}},{"start":{"line":22,"column":17},"end":{"line":22,"column":34}}],"line":22}},"s":{"0":3,"1":3,"2":3,"3":3,"4":3,"5":3,"6":3,"7":3,"8":3,"9":3,"10":3,"11":3,"12":2,"13":0,"14":1,"15":1,"16":1,"17":1,"18":0,"19":0,"20":0,"21":0,"22":0,"23":2,"24":1,"25":1},"f":{"0":3,"1":0},"b":{"0":[3,0],"1":[0,1],"2":[1,0],"3":[1,1]},"_coverageSchema":"1a1c01bbd47fc00a2c39e90264f33305004495a9","hash":"fabbffd2bc9ca5bdf67bacaf7b1a11d23fd15ac7"}
}
